<?xml version="1.0" encoding="UTF-8"?>
<!-- Generated by org.testng.reporters.JUnitReportReporter -->
<testsuite hostname="pti-notebook02364" failures="0" tests="1" name="Homework8_Arfan.src.test.java.org.example.AppTest" time="0.003" errors="0" timestamp="23 Dec 2023 10:14:02 GMT" skipped="0">
  <testcase classname="Homework8_Arfan.src.test.java.org.example.AppTest" name="shouldAnswerWithTrue" time="0.003"/>
</testsuite> <!-- Homework8_Arfan.src.test.java.org.example.AppTest -->
